<?xml version="1.0" encoding="UTF-8"?>
<!-- Generated by org.testng.reporters.JUnitReportReporter -->
<testsuite hostname="DESKTOP-8H6GSNR" failures="0" tests="1" name="dailyTodo.testCases.AppTest1" time="0.447" errors="0" timestamp="2021-05-12T01:42:51 CEST" skipped="0">
  <testcase classname="dailyTodo.testCases.AppTest1" name="t01_welcomePageUI" time="0.447"/>
  <system-out/>
</testsuite> <!-- dailyTodo.testCases.AppTest1 -->
